<?xml version="1.0" encoding="UTF-8"?>
<testng-results ignored="0" total="2" passed="2" failed="0" skipped="0">
  <reporter-output>
  </reporter-output>
  <suite started-at="2025-07-21T15:53:05 IST" name="Suite" finished-at="2025-07-21T15:53:24 IST" duration-ms="19822">
    <groups>
    </groups>
    <test started-at="2025-07-21T15:53:05 IST" name="Test" finished-at="2025-07-21T15:53:14 IST" duration-ms="9543">
      <class name="pageevent.PageEventTest">
        <test-method is-config="true" signature="beforeTestMethod()[pri:0, instance:pageevent.PageEventTest@52bf72b5]" started-at="2025-07-21T15:53:05 IST" name="beforeTestMethod" finished-at="2025-07-21T15:53:05 IST" duration-ms="528" status="PASS">
          <reporter-output>
          </reporter-output>
        </test-method> <!-- beforeTestMethod -->
        <test-method is-config="true" signature="beforeMethod(java.lang.String,java.lang.reflect.Method,java.lang.String)[pri:0, instance:pageevent.PageEventTest@52bf72b5]" started-at="2025-07-21T15:53:05 IST" name="beforeMethod" finished-at="2025-07-21T15:53:12 IST" duration-ms="6788" status="PASS">
          <params>
            <param index="0">
              <value>
                <![CDATA[chrome]]>
              </value>
            </param>
            <param index="1">
              <value>
                <![CDATA[public void pageevent.PageEventTest.f()]]>
              </value>
            </param>
            <param index="2">
              <value>
                <![CDATA[https://www.flipkart.com/]]>
              </value>
            </param>
          </params>
          <reporter-output>
          </reporter-output>
        </test-method> <!-- beforeMethod -->
        <test-method signature="f()[pri:0, instance:pageevent.PageEventTest@52bf72b5]" started-at="2025-07-21T15:53:12 IST" name="f" finished-at="2025-07-21T15:53:13 IST" duration-ms="1230" status="PASS">
          <reporter-output>
          </reporter-output>
        </test-method> <!-- f -->
        <test-method is-config="true" signature="afterMethod(org.testng.ITestResult)[pri:0, instance:pageevent.PageEventTest@52bf72b5]" started-at="2025-07-21T15:53:13 IST" name="afterMethod" finished-at="2025-07-21T15:53:13 IST" duration-ms="10" status="PASS">
          <params>
            <param index="0">
              <value>
                <![CDATA[[TestResult name=f status=SUCCESS method=PageEventTest.f()[pri:0, instance:pageevent.PageEventTest@52bf72b5] output={null}]]]>
              </value>
            </param>
          </params>
          <reporter-output>
          </reporter-output>
        </test-method> <!-- afterMethod -->
        <test-method is-config="true" signature="afterTest()[pri:0, instance:pageevent.PageEventTest@52bf72b5]" started-at="2025-07-21T15:53:13 IST" name="afterTest" finished-at="2025-07-21T15:53:14 IST" duration-ms="933" status="PASS">
          <reporter-output>
          </reporter-output>
        </test-method> <!-- afterTest -->
      </class> <!-- pageevent.PageEventTest -->
    </test> <!-- Test -->
    <test started-at="2025-07-21T15:53:14 IST" name="Test1" finished-at="2025-07-21T15:53:24 IST" duration-ms="10239">
      <class name="pageevent.PageEventTest">
        <test-method is-config="true" signature="beforeTestMethod()[pri:0, instance:pageevent.PageEventTest@2a3b5b47]" started-at="2025-07-21T15:53:14 IST" name="beforeTestMethod" finished-at="2025-07-21T15:53:14 IST" duration-ms="5" status="PASS">
          <reporter-output>
          </reporter-output>
        </test-method> <!-- beforeTestMethod -->
        <test-method is-config="true" signature="beforeMethod(java.lang.String,java.lang.reflect.Method,java.lang.String)[pri:0, instance:pageevent.PageEventTest@2a3b5b47]" started-at="2025-07-21T15:53:14 IST" name="beforeMethod" finished-at="2025-07-21T15:53:21 IST" duration-ms="6998" status="PASS">
          <params>
            <param index="0">
              <value>
                <![CDATA[firefox]]>
              </value>
            </param>
            <param index="1">
              <value>
                <![CDATA[public void pageevent.PageEventTest.f()]]>
              </value>
            </param>
            <param index="2">
              <value>
                <![CDATA[https://www.flipkart.com/]]>
              </value>
            </param>
          </params>
          <reporter-output>
          </reporter-output>
        </test-method> <!-- beforeMethod -->
        <test-method signature="f()[pri:0, instance:pageevent.PageEventTest@2a3b5b47]" started-at="2025-07-21T15:53:21 IST" name="f" finished-at="2025-07-21T15:53:23 IST" duration-ms="2006" status="PASS">
          <reporter-output>
          </reporter-output>
        </test-method> <!-- f -->
        <test-method is-config="true" signature="afterMethod(org.testng.ITestResult)[pri:0, instance:pageevent.PageEventTest@2a3b5b47]" started-at="2025-07-21T15:53:23 IST" name="afterMethod" finished-at="2025-07-21T15:53:23 IST" duration-ms="4" status="PASS">
          <params>
            <param index="0">
              <value>
                <![CDATA[[TestResult name=f status=SUCCESS method=PageEventTest.f()[pri:0, instance:pageevent.PageEventTest@2a3b5b47] output={null}]]]>
              </value>
            </param>
          </params>
          <reporter-output>
          </reporter-output>
        </test-method> <!-- afterMethod -->
        <test-method is-config="true" signature="afterTest()[pri:0, instance:pageevent.PageEventTest@2a3b5b47]" started-at="2025-07-21T15:53:23 IST" name="afterTest" finished-at="2025-07-21T15:53:24 IST" duration-ms="1217" status="PASS">
          <reporter-output>
          </reporter-output>
        </test-method> <!-- afterTest -->
      </class> <!-- pageevent.PageEventTest -->
    </test> <!-- Test1 -->
  </suite> <!-- Suite -->
</testng-results>
