<?xml version="1.0" encoding="UTF-8"?>
<testng-results ignored="0" total="2" passed="2" failed="0" skipped="0">
  <reporter-output>
  </reporter-output>
  <suite started-at="2025-07-16T16:32:24 IST" name="Suite" finished-at="2025-07-16T16:32:42 IST" duration-ms="17561">
    <groups>
    </groups>
    <test started-at="2025-07-16T16:32:24 IST" name="UbuyTest" finished-at="2025-07-16T16:32:33 IST" duration-ms="8392">
      <class name="pageevent.UbuyETest">
        <test-method is-config="true" signature="beforeTestMethod()[pri:0, instance:pageevent.UbuyETest@16d04d3d]" started-at="2025-07-16T16:32:24 IST" name="beforeTestMethod" finished-at="2025-07-16T16:32:25 IST" duration-ms="339" status="PASS">
          <reporter-output>
          </reporter-output>
        </test-method> <!-- beforeTestMethod -->
        <test-method is-config="true" signature="beforeMethod(java.lang.String,java.lang.reflect.Method,java.lang.String)[pri:0, instance:pageevent.UbuyETest@16d04d3d]" started-at="2025-07-16T16:32:25 IST" name="beforeMethod" finished-at="2025-07-16T16:32:30 IST" duration-ms="4973" status="PASS">
          <params>
            <param index="0">
              <value>
                <![CDATA[chrome]]>
              </value>
            </param>
            <param index="1">
              <value>
                <![CDATA[public void pageevent.UbuyETest.UbuybtnTest()]]>
              </value>
            </param>
            <param index="2">
              <value>
                <![CDATA[https://www.ubuy.co.in/]]>
              </value>
            </param>
          </params>
          <reporter-output>
          </reporter-output>
        </test-method> <!-- beforeMethod -->
        <test-method signature="UbuybtnTest()[pri:0, instance:pageevent.UbuyETest@16d04d3d]" started-at="2025-07-16T16:32:30 IST" name="UbuybtnTest" finished-at="2025-07-16T16:32:32 IST" duration-ms="2403" status="PASS">
          <reporter-output>
          </reporter-output>
        </test-method> <!-- UbuybtnTest -->
        <test-method is-config="true" signature="afterMethod(org.testng.ITestResult)[pri:0, instance:pageevent.UbuyETest@16d04d3d]" started-at="2025-07-16T16:32:32 IST" name="afterMethod" finished-at="2025-07-16T16:32:32 IST" duration-ms="11" status="PASS">
          <params>
            <param index="0">
              <value>
                <![CDATA[[TestResult name=UbuybtnTest status=SUCCESS method=UbuyETest.UbuybtnTest()[pri:0, instance:pageevent.UbuyETest@16d04d3d] output={null}]]]>
              </value>
            </param>
          </params>
          <reporter-output>
          </reporter-output>
        </test-method> <!-- afterMethod -->
        <test-method is-config="true" signature="afterTest()[pri:0, instance:pageevent.UbuyETest@16d04d3d]" started-at="2025-07-16T16:32:32 IST" name="afterTest" finished-at="2025-07-16T16:32:33 IST" duration-ms="623" status="PASS">
          <reporter-output>
          </reporter-output>
        </test-method> <!-- afterTest -->
      </class> <!-- pageevent.UbuyETest -->
    </test> <!-- UbuyTest -->
    <test started-at="2025-07-16T16:32:33 IST" name="UbuyTest1" finished-at="2025-07-16T16:32:42 IST" duration-ms="9144">
      <class name="pageevent.UbuyETest">
        <test-method is-config="true" signature="beforeTestMethod()[pri:0, instance:pageevent.UbuyETest@368f2016]" started-at="2025-07-16T16:32:33 IST" name="beforeTestMethod" finished-at="2025-07-16T16:32:33 IST" duration-ms="1" status="PASS">
          <reporter-output>
          </reporter-output>
        </test-method> <!-- beforeTestMethod -->
        <test-method is-config="true" signature="beforeMethod(java.lang.String,java.lang.reflect.Method,java.lang.String)[pri:0, instance:pageevent.UbuyETest@368f2016]" started-at="2025-07-16T16:32:33 IST" name="beforeMethod" finished-at="2025-07-16T16:32:39 IST" duration-ms="5908" status="PASS">
          <params>
            <param index="0">
              <value>
                <![CDATA[firefox]]>
              </value>
            </param>
            <param index="1">
              <value>
                <![CDATA[public void pageevent.UbuyETest.UbuybtnTest()]]>
              </value>
            </param>
            <param index="2">
              <value>
                <![CDATA[https://www.ubuy.co.in/]]>
              </value>
            </param>
          </params>
          <reporter-output>
          </reporter-output>
        </test-method> <!-- beforeMethod -->
        <test-method signature="UbuybtnTest()[pri:0, instance:pageevent.UbuyETest@368f2016]" started-at="2025-07-16T16:32:39 IST" name="UbuybtnTest" finished-at="2025-07-16T16:32:41 IST" duration-ms="1825" status="PASS">
          <reporter-output>
          </reporter-output>
        </test-method> <!-- UbuybtnTest -->
        <test-method is-config="true" signature="afterMethod(org.testng.ITestResult)[pri:0, instance:pageevent.UbuyETest@368f2016]" started-at="2025-07-16T16:32:41 IST" name="afterMethod" finished-at="2025-07-16T16:32:41 IST" duration-ms="0" status="PASS">
          <params>
            <param index="0">
              <value>
                <![CDATA[[TestResult name=UbuybtnTest status=SUCCESS method=UbuyETest.UbuybtnTest()[pri:0, instance:pageevent.UbuyETest@368f2016] output={null}]]]>
              </value>
            </param>
          </params>
          <reporter-output>
          </reporter-output>
        </test-method> <!-- afterMethod -->
        <test-method is-config="true" signature="afterTest()[pri:0, instance:pageevent.UbuyETest@368f2016]" started-at="2025-07-16T16:32:41 IST" name="afterTest" finished-at="2025-07-16T16:32:42 IST" duration-ms="1399" status="PASS">
          <reporter-output>
          </reporter-output>
        </test-method> <!-- afterTest -->
      </class> <!-- pageevent.UbuyETest -->
    </test> <!-- UbuyTest1 -->
  </suite> <!-- Suite -->
</testng-results>
