<?xml version="1.0" encoding="UTF-8"?>
<testng-results ignored="0" total="2" passed="2" failed="0" skipped="0">
  <reporter-output>
  </reporter-output>
  <suite started-at="2025-07-23T12:45:38 IST" name="Suite" finished-at="2025-07-23T12:46:01 IST" duration-ms="23554">
    <groups>
    </groups>
    <test started-at="2025-07-23T12:45:38 IST" name="Test" finished-at="2025-07-23T12:45:50 IST" duration-ms="12184">
      <class name="pageevent.PageEventTest">
        <test-method is-config="true" signature="beforeTestMethod()[pri:0, instance:pageevent.PageEventTest@52bf72b5]" started-at="2025-07-23T12:45:38 IST" name="beforeTestMethod" finished-at="2025-07-23T12:45:38 IST" duration-ms="367" status="PASS">
          <reporter-output>
          </reporter-output>
        </test-method> <!-- beforeTestMethod -->
        <test-method is-config="true" signature="beforeMethod(java.lang.String,java.lang.reflect.Method,java.lang.String)[pri:0, instance:pageevent.PageEventTest@52bf72b5]" started-at="2025-07-23T12:45:38 IST" name="beforeMethod" finished-at="2025-07-23T12:45:48 IST" duration-ms="9916" status="PASS">
          <params>
            <param index="0">
              <value>
                <![CDATA[chrome]]>
              </value>
            </param>
            <param index="1">
              <value>
                <![CDATA[public void pageevent.PageEventTest.f()]]>
              </value>
            </param>
            <param index="2">
              <value>
                <![CDATA[https://www.flipkart.com/]]>
              </value>
            </param>
          </params>
          <reporter-output>
          </reporter-output>
        </test-method> <!-- beforeMethod -->
        <test-method signature="f()[pri:0, instance:pageevent.PageEventTest@52bf72b5]" started-at="2025-07-23T12:45:48 IST" name="f" finished-at="2025-07-23T12:45:49 IST" duration-ms="1217" status="PASS">
          <reporter-output>
          </reporter-output>
        </test-method> <!-- f -->
        <test-method is-config="true" signature="afterMethod(org.testng.ITestResult)[pri:0, instance:pageevent.PageEventTest@52bf72b5]" started-at="2025-07-23T12:45:49 IST" name="afterMethod" finished-at="2025-07-23T12:45:49 IST" duration-ms="14" status="PASS">
          <params>
            <param index="0">
              <value>
                <![CDATA[[TestResult name=f status=SUCCESS method=PageEventTest.f()[pri:0, instance:pageevent.PageEventTest@52bf72b5] output={null}]]]>
              </value>
            </param>
          </params>
          <reporter-output>
          </reporter-output>
        </test-method> <!-- afterMethod -->
        <test-method is-config="true" signature="afterTest()[pri:0, instance:pageevent.PageEventTest@52bf72b5]" started-at="2025-07-23T12:45:49 IST" name="afterTest" finished-at="2025-07-23T12:45:50 IST" duration-ms="633" status="PASS">
          <reporter-output>
          </reporter-output>
        </test-method> <!-- afterTest -->
      </class> <!-- pageevent.PageEventTest -->
    </test> <!-- Test -->
    <test started-at="2025-07-23T12:45:50 IST" name="Test1" finished-at="2025-07-23T12:46:01 IST" duration-ms="11215">
      <class name="pageevent.PageEventTest">
        <test-method is-config="true" signature="beforeTestMethod()[pri:0, instance:pageevent.PageEventTest@2a3b5b47]" started-at="2025-07-23T12:45:50 IST" name="beforeTestMethod" finished-at="2025-07-23T12:45:50 IST" duration-ms="2" status="PASS">
          <reporter-output>
          </reporter-output>
        </test-method> <!-- beforeTestMethod -->
        <test-method is-config="true" signature="beforeMethod(java.lang.String,java.lang.reflect.Method,java.lang.String)[pri:0, instance:pageevent.PageEventTest@2a3b5b47]" started-at="2025-07-23T12:45:50 IST" name="beforeMethod" finished-at="2025-07-23T12:45:58 IST" duration-ms="7672" status="PASS">
          <params>
            <param index="0">
              <value>
                <![CDATA[firefox]]>
              </value>
            </param>
            <param index="1">
              <value>
                <![CDATA[public void pageevent.PageEventTest.f()]]>
              </value>
            </param>
            <param index="2">
              <value>
                <![CDATA[https://www.flipkart.com/]]>
              </value>
            </param>
          </params>
          <reporter-output>
          </reporter-output>
        </test-method> <!-- beforeMethod -->
        <test-method signature="f()[pri:0, instance:pageevent.PageEventTest@2a3b5b47]" started-at="2025-07-23T12:45:58 IST" name="f" finished-at="2025-07-23T12:46:00 IST" duration-ms="2124" status="PASS">
          <reporter-output>
          </reporter-output>
        </test-method> <!-- f -->
        <test-method is-config="true" signature="afterMethod(org.testng.ITestResult)[pri:0, instance:pageevent.PageEventTest@2a3b5b47]" started-at="2025-07-23T12:46:00 IST" name="afterMethod" finished-at="2025-07-23T12:46:00 IST" duration-ms="1" status="PASS">
          <params>
            <param index="0">
              <value>
                <![CDATA[[TestResult name=f status=SUCCESS method=PageEventTest.f()[pri:0, instance:pageevent.PageEventTest@2a3b5b47] output={null}]]]>
              </value>
            </param>
          </params>
          <reporter-output>
          </reporter-output>
        </test-method> <!-- afterMethod -->
        <test-method is-config="true" signature="afterTest()[pri:0, instance:pageevent.PageEventTest@2a3b5b47]" started-at="2025-07-23T12:46:00 IST" name="afterTest" finished-at="2025-07-23T12:46:01 IST" duration-ms="1406" status="PASS">
          <reporter-output>
          </reporter-output>
        </test-method> <!-- afterTest -->
      </class> <!-- pageevent.PageEventTest -->
    </test> <!-- Test1 -->
  </suite> <!-- Suite -->
</testng-results>
