<?xml version="1.0" encoding="UTF-8"?>
<testng-results ignored="0" total="2" passed="2" failed="0" skipped="0">
  <reporter-output>
  </reporter-output>
  <suite started-at="2025-07-20T12:39:44 IST" name="Suite" finished-at="2025-07-20T12:40:00 IST" duration-ms="15886">
    <groups>
    </groups>
    <test started-at="2025-07-20T12:39:44 IST" name="Test" finished-at="2025-07-20T12:39:51 IST" duration-ms="6860">
      <class name="pageevent.PageEventTest">
        <test-method is-config="true" signature="beforeTestMethod()[pri:0, instance:pageevent.PageEventTest@52bf72b5]" started-at="2025-07-20T12:39:44 IST" name="beforeTestMethod" finished-at="2025-07-20T12:39:45 IST" duration-ms="315" status="PASS">
          <reporter-output>
          </reporter-output>
        </test-method> <!-- beforeTestMethod -->
        <test-method is-config="true" signature="beforeMethod(java.lang.String,java.lang.reflect.Method,java.lang.String)[pri:0, instance:pageevent.PageEventTest@52bf72b5]" started-at="2025-07-20T12:39:45 IST" name="beforeMethod" finished-at="2025-07-20T12:39:49 IST" duration-ms="4622" status="PASS">
          <params>
            <param index="0">
              <value>
                <![CDATA[chrome]]>
              </value>
            </param>
            <param index="1">
              <value>
                <![CDATA[public void pageevent.PageEventTest.f()]]>
              </value>
            </param>
            <param index="2">
              <value>
                <![CDATA[https://www.flipkart.com/]]>
              </value>
            </param>
          </params>
          <reporter-output>
          </reporter-output>
        </test-method> <!-- beforeMethod -->
        <test-method signature="f()[pri:0, instance:pageevent.PageEventTest@52bf72b5]" started-at="2025-07-20T12:39:49 IST" name="f" finished-at="2025-07-20T12:39:50 IST" duration-ms="1255" status="PASS">
          <reporter-output>
          </reporter-output>
        </test-method> <!-- f -->
        <test-method is-config="true" signature="afterMethod(org.testng.ITestResult)[pri:0, instance:pageevent.PageEventTest@52bf72b5]" started-at="2025-07-20T12:39:50 IST" name="afterMethod" finished-at="2025-07-20T12:39:51 IST" duration-ms="12" status="PASS">
          <params>
            <param index="0">
              <value>
                <![CDATA[[TestResult name=f status=SUCCESS method=PageEventTest.f()[pri:0, instance:pageevent.PageEventTest@52bf72b5] output={null}]]]>
              </value>
            </param>
          </params>
          <reporter-output>
          </reporter-output>
        </test-method> <!-- afterMethod -->
        <test-method is-config="true" signature="afterTest()[pri:0, instance:pageevent.PageEventTest@52bf72b5]" started-at="2025-07-20T12:39:51 IST" name="afterTest" finished-at="2025-07-20T12:39:51 IST" duration-ms="622" status="PASS">
          <reporter-output>
          </reporter-output>
        </test-method> <!-- afterTest -->
      </class> <!-- pageevent.PageEventTest -->
    </test> <!-- Test -->
    <test started-at="2025-07-20T12:39:51 IST" name="Test1" finished-at="2025-07-20T12:40:00 IST" duration-ms="8999">
      <class name="pageevent.PageEventTest">
        <test-method is-config="true" signature="beforeTestMethod()[pri:0, instance:pageevent.PageEventTest@2a3b5b47]" started-at="2025-07-20T12:39:51 IST" name="beforeTestMethod" finished-at="2025-07-20T12:39:51 IST" duration-ms="0" status="PASS">
          <reporter-output>
          </reporter-output>
        </test-method> <!-- beforeTestMethod -->
        <test-method is-config="true" signature="beforeMethod(java.lang.String,java.lang.reflect.Method,java.lang.String)[pri:0, instance:pageevent.PageEventTest@2a3b5b47]" started-at="2025-07-20T12:39:51 IST" name="beforeMethod" finished-at="2025-07-20T12:39:57 IST" duration-ms="5462" status="PASS">
          <params>
            <param index="0">
              <value>
                <![CDATA[firefox]]>
              </value>
            </param>
            <param index="1">
              <value>
                <![CDATA[public void pageevent.PageEventTest.f()]]>
              </value>
            </param>
            <param index="2">
              <value>
                <![CDATA[https://www.flipkart.com/]]>
              </value>
            </param>
          </params>
          <reporter-output>
          </reporter-output>
        </test-method> <!-- beforeMethod -->
        <test-method signature="f()[pri:0, instance:pageevent.PageEventTest@2a3b5b47]" started-at="2025-07-20T12:39:57 IST" name="f" finished-at="2025-07-20T12:39:59 IST" duration-ms="1965" status="PASS">
          <reporter-output>
          </reporter-output>
        </test-method> <!-- f -->
        <test-method is-config="true" signature="afterMethod(org.testng.ITestResult)[pri:0, instance:pageevent.PageEventTest@2a3b5b47]" started-at="2025-07-20T12:39:59 IST" name="afterMethod" finished-at="2025-07-20T12:39:59 IST" duration-ms="1" status="PASS">
          <params>
            <param index="0">
              <value>
                <![CDATA[[TestResult name=f status=SUCCESS method=PageEventTest.f()[pri:0, instance:pageevent.PageEventTest@2a3b5b47] output={null}]]]>
              </value>
            </param>
          </params>
          <reporter-output>
          </reporter-output>
        </test-method> <!-- afterMethod -->
        <test-method is-config="true" signature="afterTest()[pri:0, instance:pageevent.PageEventTest@2a3b5b47]" started-at="2025-07-20T12:39:59 IST" name="afterTest" finished-at="2025-07-20T12:40:00 IST" duration-ms="1565" status="PASS">
          <reporter-output>
          </reporter-output>
        </test-method> <!-- afterTest -->
      </class> <!-- pageevent.PageEventTest -->
    </test> <!-- Test1 -->
  </suite> <!-- Suite -->
</testng-results>
